[INFO  - 2017-04-17T08:49:24.673Z] GhostDriver - Main - running on port 12703
[INFO  - 2017-04-17T08:49:24.869Z] Session [c2129800-234a-11e7-8863-77dfe6f52244] - page.settings - {"XSSAuditingEnabled":false,"javascriptCanCloseWindows":true,"javascriptCanOpenWindows":true,"javascriptEnabled":true,"loadImages":true,"localToRemoteUrlAccessEnabled":false,"userAgent":"Mozilla/5.0 (Windows NT 6.2; WOW64) AppleWebKit/538.1 (KHTML, like Gecko) PhantomJS/2.1.1 Safari/538.1","webSecurityEnabled":true}
[INFO  - 2017-04-17T08:49:24.869Z] Session [c2129800-234a-11e7-8863-77dfe6f52244] - page.customHeaders:  - {}
[INFO  - 2017-04-17T08:49:24.869Z] Session [c2129800-234a-11e7-8863-77dfe6f52244] - Session.negotiatedCapabilities - {"browserName":"phantomjs","version":"2.1.1","driverName":"ghostdriver","driverVersion":"1.2.0","platform":"windows-10-32bit","javascriptEnabled":true,"takesScreenshot":true,"handlesAlerts":false,"databaseEnabled":false,"locationContextEnabled":false,"applicationCacheEnabled":false,"browserConnectionEnabled":false,"cssSelectorsEnabled":true,"webStorageEnabled":false,"rotatable":false,"acceptSslCerts":false,"nativeEvents":true,"proxy":{"proxyType":"direct"}}
[INFO  - 2017-04-17T08:49:24.870Z] SessionManagerReqHand - _postNewSessionCommand - New Session Created: c2129800-234a-11e7-8863-77dfe6f52244
[ERROR - 2017-04-17T08:49:27.165Z] Session [c2129800-234a-11e7-8863-77dfe6f52244] - page.onError - msg: TypeError: null is not an object (evaluating 'f.parentNode.insertBefore')
[ERROR - 2017-04-17T08:49:27.165Z] Session [c2129800-234a-11e7-8863-77dfe6f52244] - page.onError - stack:
  l (http://stirileprotv.ro/:1)
[ERROR - 2017-04-17T08:49:28.940Z] Session [c2129800-234a-11e7-8863-77dfe6f52244] - page.onError - msg: TypeError: undefined is not an object (evaluating 'this.a.re')
[ERROR - 2017-04-17T08:49:28.941Z] Session [c2129800-234a-11e7-8863-77dfe6f52244] - page.onError - stack:
  ha (http://static.chartbeat.com/js/chartbeat_video.js:83)
  S (http://static.chartbeat.com/js/chartbeat_video.js:81)
  J (http://static.chartbeat.com/js/chartbeat_video.js:110)
  (anonymous function) (http://static.chartbeat.com/js/chartbeat_video.js:9)
  Bb (http://static.chartbeat.com/js/chartbeat_video.js:25)
  L (http://static.chartbeat.com/js/chartbeat_video.js:36)
  Qc (http://static.chartbeat.com/js/chartbeat_video.js:109)
  md (http://static.chartbeat.com/js/chartbeat_video.js:129)
  ld (http://static.chartbeat.com/js/chartbeat_video.js:127)
  vd (http://static.chartbeat.com/js/chartbeat_video.js:127)
  (anonymous function) (http://static.chartbeat.com/js/chartbeat_video.js:9)
  wc (http://static.chartbeat.com/js/chartbeat_video.js:130)
  hd (http://static.chartbeat.com/js/chartbeat_video.js:126)
  (anonymous function) (http://static.chartbeat.com/js/chartbeat_video.js:133)
[ERROR - 2017-04-17T08:49:30.956Z] Session [c2129800-234a-11e7-8863-77dfe6f52244] - page.onError - msg: TypeError: undefined is not an object (evaluating 'Win.document.URL')
[ERROR - 2017-04-17T08:49:30.956Z] Session [c2129800-234a-11e7-8863-77dfe6f52244] - page.onError - stack:
  PreInit (http://content.adservingfactory.com/LibBE.js:1)
  (anonymous function) (http://content.adservingfactory.com/LibBE.js:1)
[ERROR - 2017-04-17T08:49:32.498Z] Session [c2129800-234a-11e7-8863-77dfe6f52244] - page.onError - msg: TypeError: undefined is not an object (evaluating 'this.a.re')
[ERROR - 2017-04-17T08:49:32.498Z] Session [c2129800-234a-11e7-8863-77dfe6f52244] - page.onError - stack:
  ha (http://static.chartbeat.com/js/chartbeat_video.js:83)
  S (http://static.chartbeat.com/js/chartbeat_video.js:81)
  J (http://static.chartbeat.com/js/chartbeat_video.js:110)
  (anonymous function) (http://static.chartbeat.com/js/chartbeat_video.js:9)
  Bb (http://static.chartbeat.com/js/chartbeat_video.js:25)
  L (http://static.chartbeat.com/js/chartbeat_video.js:36)
  Qc (http://static.chartbeat.com/js/chartbeat_video.js:109)
  md (http://static.chartbeat.com/js/chartbeat_video.js:129)
  ld (http://static.chartbeat.com/js/chartbeat_video.js:127)
  vd (http://static.chartbeat.com/js/chartbeat_video.js:127)
  (anonymous function) (http://static.chartbeat.com/js/chartbeat_video.js:9)
  wc (http://static.chartbeat.com/js/chartbeat_video.js:130)
  hd (http://static.chartbeat.com/js/chartbeat_video.js:126)
  (anonymous function) (http://static.chartbeat.com/js/chartbeat_video.js:133)
[INFO  - 2017-04-17T08:49:32.878Z] ShutdownReqHand - _handle - About to shutdown
[INFO  - 2017-04-17T08:50:21.053Z] GhostDriver - Main - running on port 28734
[INFO  - 2017-04-17T08:50:21.267Z] Session [e3b03ee0-234a-11e7-bcc4-35dd42da80cb] - page.settings - {"XSSAuditingEnabled":false,"javascriptCanCloseWindows":true,"javascriptCanOpenWindows":true,"javascriptEnabled":true,"loadImages":true,"localToRemoteUrlAccessEnabled":false,"userAgent":"Mozilla/5.0 (Windows NT 6.2; WOW64) AppleWebKit/538.1 (KHTML, like Gecko) PhantomJS/2.1.1 Safari/538.1","webSecurityEnabled":true}
[INFO  - 2017-04-17T08:50:21.268Z] Session [e3b03ee0-234a-11e7-bcc4-35dd42da80cb] - page.customHeaders:  - {}
[INFO  - 2017-04-17T08:50:21.268Z] Session [e3b03ee0-234a-11e7-bcc4-35dd42da80cb] - Session.negotiatedCapabilities - {"browserName":"phantomjs","version":"2.1.1","driverName":"ghostdriver","driverVersion":"1.2.0","platform":"windows-10-32bit","javascriptEnabled":true,"takesScreenshot":true,"handlesAlerts":false,"databaseEnabled":false,"locationContextEnabled":false,"applicationCacheEnabled":false,"browserConnectionEnabled":false,"cssSelectorsEnabled":true,"webStorageEnabled":false,"rotatable":false,"acceptSslCerts":false,"nativeEvents":true,"proxy":{"proxyType":"direct"}}
[INFO  - 2017-04-17T08:50:21.268Z] SessionManagerReqHand - _postNewSessionCommand - New Session Created: e3b03ee0-234a-11e7-bcc4-35dd42da80cb
[ERROR - 2017-04-17T08:50:23.827Z] Session [e3b03ee0-234a-11e7-bcc4-35dd42da80cb] - page.onError - msg: TypeError: null is not an object (evaluating 'f.parentNode.insertBefore')
[ERROR - 2017-04-17T08:50:23.827Z] Session [e3b03ee0-234a-11e7-bcc4-35dd42da80cb] - page.onError - stack:
  l (http://stirileprotv.ro/:1)
[ERROR - 2017-04-17T08:50:25.812Z] Session [e3b03ee0-234a-11e7-bcc4-35dd42da80cb] - page.onError - msg: TypeError: undefined is not an object (evaluating 'this.a.re')
[ERROR - 2017-04-17T08:50:25.812Z] Session [e3b03ee0-234a-11e7-bcc4-35dd42da80cb] - page.onError - stack:
  ha (http://static.chartbeat.com/js/chartbeat_video.js:83)
  S (http://static.chartbeat.com/js/chartbeat_video.js:81)
  J (http://static.chartbeat.com/js/chartbeat_video.js:110)
  (anonymous function) (http://static.chartbeat.com/js/chartbeat_video.js:9)
  Bb (http://static.chartbeat.com/js/chartbeat_video.js:25)
  L (http://static.chartbeat.com/js/chartbeat_video.js:36)
  Qc (http://static.chartbeat.com/js/chartbeat_video.js:109)
  md (http://static.chartbeat.com/js/chartbeat_video.js:129)
  ld (http://static.chartbeat.com/js/chartbeat_video.js:127)
  vd (http://static.chartbeat.com/js/chartbeat_video.js:127)
  (anonymous function) (http://static.chartbeat.com/js/chartbeat_video.js:9)
  wc (http://static.chartbeat.com/js/chartbeat_video.js:130)
  hd (http://static.chartbeat.com/js/chartbeat_video.js:126)
  (anonymous function) (http://static.chartbeat.com/js/chartbeat_video.js:133)
[ERROR - 2017-04-17T08:50:26.733Z] Session [e3b03ee0-234a-11e7-bcc4-35dd42da80cb] - page.onError - msg: TypeError: undefined is not an object (evaluating 'Win.document.URL')
[ERROR - 2017-04-17T08:50:26.734Z] Session [e3b03ee0-234a-11e7-bcc4-35dd42da80cb] - page.onError - stack:
  PreInit (http://content.adservingfactory.com/LibBE.js:1)
  (anonymous function) (http://content.adservingfactory.com/LibBE.js:1)
[ERROR - 2017-04-17T08:50:27.760Z] Session [e3b03ee0-234a-11e7-bcc4-35dd42da80cb] - page.onError - msg: TypeError: undefined is not an object (evaluating 'this.a.re')
[ERROR - 2017-04-17T08:50:27.760Z] Session [e3b03ee0-234a-11e7-bcc4-35dd42da80cb] - page.onError - stack:
  ha (http://static.chartbeat.com/js/chartbeat_video.js:83)
  S (http://static.chartbeat.com/js/chartbeat_video.js:81)
  J (http://static.chartbeat.com/js/chartbeat_video.js:110)
  (anonymous function) (http://static.chartbeat.com/js/chartbeat_video.js:9)
  Bb (http://static.chartbeat.com/js/chartbeat_video.js:25)
  L (http://static.chartbeat.com/js/chartbeat_video.js:36)
  Qc (http://static.chartbeat.com/js/chartbeat_video.js:109)
  md (http://static.chartbeat.com/js/chartbeat_video.js:129)
  ld (http://static.chartbeat.com/js/chartbeat_video.js:127)
  vd (http://static.chartbeat.com/js/chartbeat_video.js:127)
  (anonymous function) (http://static.chartbeat.com/js/chartbeat_video.js:9)
  wc (http://static.chartbeat.com/js/chartbeat_video.js:130)
  hd (http://static.chartbeat.com/js/chartbeat_video.js:126)
  (anonymous function) (http://static.chartbeat.com/js/chartbeat_video.js:133)
[INFO  - 2017-04-17T08:50:27.790Z] ShutdownReqHand - _handle - About to shutdown
